{
  "RSpec": {
    "coverage": {
      "/Users/cassidyhardin/Desktop/CS/Tarjimly/app/helpers/application_helper.rb": [
        1,
        null
      ],
      "/Users/cassidyhardin/Desktop/CS/Tarjimly/app/models/claim.rb": [
        1,
        1,
        null
      ],
      "/Users/cassidyhardin/Desktop/CS/Tarjimly/app/models/application_record.rb": [
        1,
        1,
        null
      ],
      "/Users/cassidyhardin/Desktop/CS/Tarjimly/app/models/request.rb": [
        1,
        1,
        null
      ],
      "/Users/cassidyhardin/Desktop/CS/Tarjimly/app/mailers/application_mailer.rb": [
        0,
        0,
        0,
        0
      ],
      "/Users/cassidyhardin/Desktop/CS/Tarjimly/app/jobs/application_job.rb": [
        0,
        0
      ],
      "/Users/cassidyhardin/Desktop/CS/Tarjimly/app/controllers/requests_controller.rb": [
        0,
        0,
        0,
        0,
        null,
        0,
        0,
        0,
        0,
        null,
        0,
        null,
        0,
        null,
        0,
        null,
        0,
        null,
        0,
        0,
        0,
        0,
        0,
        0,
        0
      ],
      "/Users/cassidyhardin/Desktop/CS/Tarjimly/app/controllers/application_controller.rb": [
        0,
        null,
        0
      ],
      "/Users/cassidyhardin/Desktop/CS/Tarjimly/app/controllers/translator_controller.rb": [
        0,
        0,
        0,
        0,
        0
      ],
      "/Users/cassidyhardin/Desktop/CS/Tarjimly/app/controllers/claims_controller.rb": [
        0,
        0,
        0,
        0,
        0,
        0,
        0,
        0,
        0,
        null,
        0,
        null,
        0,
        null,
        0,
        null,
        0,
        null,
        0,
        null,
        0,
        null,
        0,
        null,
        0,
        null,
        0,
        null,
        0,
        null,
        0
      ],
      "/Users/cassidyhardin/Desktop/CS/Tarjimly/app/channels/application_cable/connection.rb": [
        0,
        0,
        0,
        0
      ],
      "/Users/cassidyhardin/Desktop/CS/Tarjimly/app/channels/application_cable/channel.rb": [
        0,
        0,
        0,
        0
      ]
    },
    "timestamp": 1573536582
  }
}
